CRITICAL - 2023-08-19 00:11:20 --> Undefined index: barras
in APPPATH\Views\pages\products\list.php on line 41.
 1 APPPATH\Views\pages\products\list.php(41): CodeIgniter\Debug\Exceptions->errorHandler(8, 'Undefined index: barras', 'APPPATH\\Views\\pages\\products\\list.php', 41, [...])
 2 SYSTEMPATH\View\View.php(213): include('APPPATH\\Views\\pages\\products\\list.php')
 3 SYSTEMPATH\View\View.php(216): CodeIgniter\View\View->CodeIgniter\View\{closure}()
 4 SYSTEMPATH\Common.php(1135): CodeIgniter\View\View->render('pages/products/list', [], true)
 5 APPPATH\Controllers\Main.php(130): view('pages/products/list', [...])
 6 SYSTEMPATH\CodeIgniter.php(897): App\Controllers\Main->products()
 7 SYSTEMPATH\CodeIgniter.php(467): CodeIgniter\CodeIgniter->runController(Object(App\Controllers\Main))
 8 SYSTEMPATH\CodeIgniter.php(350): CodeIgniter\CodeIgniter->handleRequest(null, Object(Config\Cache), false)
 9 FCPATH\index.php(55): CodeIgniter\CodeIgniter->run()
CRITICAL - 2023-08-19 00:15:42 --> Undefined index: cantidad
in APPPATH\Views\pages\products\list.php on line 44.
 1 APPPATH\Views\pages\products\list.php(44): CodeIgniter\Debug\Exceptions->errorHandler(8, 'Undefined index: cantidad', 'APPPATH\\Views\\pages\\products\\list.php', 44, [...])
 2 SYSTEMPATH\View\View.php(213): include('APPPATH\\Views\\pages\\products\\list.php')
 3 SYSTEMPATH\View\View.php(216): CodeIgniter\View\View->CodeIgniter\View\{closure}()
 4 SYSTEMPATH\Common.php(1135): CodeIgniter\View\View->render('pages/products/list', [], true)
 5 APPPATH\Controllers\Main.php(130): view('pages/products/list', [...])
 6 SYSTEMPATH\CodeIgniter.php(897): App\Controllers\Main->products()
 7 SYSTEMPATH\CodeIgniter.php(467): CodeIgniter\CodeIgniter->runController(Object(App\Controllers\Main))
 8 SYSTEMPATH\CodeIgniter.php(350): CodeIgniter\CodeIgniter->handleRequest(null, Object(Config\Cache), false)
 9 FCPATH\index.php(55): CodeIgniter\CodeIgniter->run()
CRITICAL - 2023-08-19 00:17:10 --> Undefined variable: transactions
in APPPATH\Views\pages\eys\list.php on line 34.
 1 APPPATH\Views\pages\eys\list.php(34): CodeIgniter\Debug\Exceptions->errorHandler(8, 'Undefined variable: transactions', 'APPPATH\\Views\\pages\\eys\\list.php', 34, [...])
 2 SYSTEMPATH\View\View.php(213): include('APPPATH\\Views\\pages\\eys\\list.php')
 3 SYSTEMPATH\View\View.php(216): CodeIgniter\View\View->CodeIgniter\View\{closure}()
 4 SYSTEMPATH\Common.php(1135): CodeIgniter\View\View->render('pages/eys/list', [], true)
 5 APPPATH\Controllers\Main.php(302): view('pages/eys/list', [...])
 6 SYSTEMPATH\CodeIgniter.php(897): App\Controllers\Main->eys()
 7 SYSTEMPATH\CodeIgniter.php(467): CodeIgniter\CodeIgniter->runController(Object(App\Controllers\Main))
 8 SYSTEMPATH\CodeIgniter.php(350): CodeIgniter\CodeIgniter->handleRequest(null, Object(Config\Cache), false)
 9 FCPATH\index.php(55): CodeIgniter\CodeIgniter->run()
CRITICAL - 2023-08-19 00:17:35 --> Undefined variable: transactions
in APPPATH\Views\pages\eys\list.php on line 34.
 1 APPPATH\Views\pages\eys\list.php(34): CodeIgniter\Debug\Exceptions->errorHandler(8, 'Undefined variable: transactions', 'APPPATH\\Views\\pages\\eys\\list.php', 34, [...])
 2 SYSTEMPATH\View\View.php(213): include('APPPATH\\Views\\pages\\eys\\list.php')
 3 SYSTEMPATH\View\View.php(216): CodeIgniter\View\View->CodeIgniter\View\{closure}()
 4 SYSTEMPATH\Common.php(1135): CodeIgniter\View\View->render('pages/eys/list', [], true)
 5 APPPATH\Controllers\Main.php(302): view('pages/eys/list', [...])
 6 SYSTEMPATH\CodeIgniter.php(897): App\Controllers\Main->eys()
 7 SYSTEMPATH\CodeIgniter.php(467): CodeIgniter\CodeIgniter->runController(Object(App\Controllers\Main))
 8 SYSTEMPATH\CodeIgniter.php(350): CodeIgniter\CodeIgniter->handleRequest(null, Object(Config\Cache), false)
 9 FCPATH\index.php(55): CodeIgniter\CodeIgniter->run()
CRITICAL - 2023-08-19 00:21:07 --> Undefined variable: transactions
in APPPATH\Views\pages\eys\list.php on line 50.
 1 APPPATH\Views\pages\eys\list.php(50): CodeIgniter\Debug\Exceptions->errorHandler(8, 'Undefined variable: transactions', 'APPPATH\\Views\\pages\\eys\\list.php', 50, [...])
 2 SYSTEMPATH\View\View.php(213): include('APPPATH\\Views\\pages\\eys\\list.php')
 3 SYSTEMPATH\View\View.php(216): CodeIgniter\View\View->CodeIgniter\View\{closure}()
 4 SYSTEMPATH\Common.php(1135): CodeIgniter\View\View->render('pages/eys/list', [], true)
 5 APPPATH\Controllers\Main.php(302): view('pages/eys/list', [...])
 6 SYSTEMPATH\CodeIgniter.php(897): App\Controllers\Main->eys()
 7 SYSTEMPATH\CodeIgniter.php(467): CodeIgniter\CodeIgniter->runController(Object(App\Controllers\Main))
 8 SYSTEMPATH\CodeIgniter.php(350): CodeIgniter\CodeIgniter->handleRequest(null, Object(Config\Cache), false)
 9 FCPATH\index.php(55): CodeIgniter\CodeIgniter->run()
CRITICAL - 2023-08-19 00:21:17 --> Undefined index: total_items
in APPPATH\Views\pages\eys\list.php on line 56.
 1 APPPATH\Views\pages\eys\list.php(56): CodeIgniter\Debug\Exceptions->errorHandler(8, 'Undefined index: total_items', 'APPPATH\\Views\\pages\\eys\\list.php', 56, [...])
 2 SYSTEMPATH\View\View.php(213): include('APPPATH\\Views\\pages\\eys\\list.php')
 3 SYSTEMPATH\View\View.php(216): CodeIgniter\View\View->CodeIgniter\View\{closure}()
 4 SYSTEMPATH\Common.php(1135): CodeIgniter\View\View->render('pages/eys/list', [], true)
 5 APPPATH\Controllers\Main.php(302): view('pages/eys/list', [...])
 6 SYSTEMPATH\CodeIgniter.php(897): App\Controllers\Main->eys()
 7 SYSTEMPATH\CodeIgniter.php(467): CodeIgniter\CodeIgniter->runController(Object(App\Controllers\Main))
 8 SYSTEMPATH\CodeIgniter.php(350): CodeIgniter\CodeIgniter->handleRequest(null, Object(Config\Cache), false)
 9 FCPATH\index.php(55): CodeIgniter\CodeIgniter->run()
CRITICAL - 2023-08-19 00:22:02 --> Undefined variable: pager
in APPPATH\Views\pages\eys\list.php on line 72.
 1 APPPATH\Views\pages\eys\list.php(72): CodeIgniter\Debug\Exceptions->errorHandler(8, 'Undefined variable: pager', 'APPPATH\\Views\\pages\\eys\\list.php', 72, [...])
 2 SYSTEMPATH\View\View.php(213): include('APPPATH\\Views\\pages\\eys\\list.php')
 3 SYSTEMPATH\View\View.php(216): CodeIgniter\View\View->CodeIgniter\View\{closure}()
 4 SYSTEMPATH\Common.php(1135): CodeIgniter\View\View->render('pages/eys/list', [], true)
 5 APPPATH\Controllers\Main.php(302): view('pages/eys/list', [...])
 6 SYSTEMPATH\CodeIgniter.php(897): App\Controllers\Main->eys()
 7 SYSTEMPATH\CodeIgniter.php(467): CodeIgniter\CodeIgniter->runController(Object(App\Controllers\Main))
 8 SYSTEMPATH\CodeIgniter.php(350): CodeIgniter\CodeIgniter->handleRequest(null, Object(Config\Cache), false)
 9 FCPATH\index.php(55): CodeIgniter\CodeIgniter->run()
CRITICAL - 2023-08-19 00:22:19 --> Undefined variable: pager
in APPPATH\Views\pages\eys\list.php on line 72.
 1 APPPATH\Views\pages\eys\list.php(72): CodeIgniter\Debug\Exceptions->errorHandler(8, 'Undefined variable: pager', 'APPPATH\\Views\\pages\\eys\\list.php', 72, [...])
 2 SYSTEMPATH\View\View.php(213): include('APPPATH\\Views\\pages\\eys\\list.php')
 3 SYSTEMPATH\View\View.php(216): CodeIgniter\View\View->CodeIgniter\View\{closure}()
 4 SYSTEMPATH\Common.php(1135): CodeIgniter\View\View->render('pages/eys/list', [], true)
 5 APPPATH\Controllers\Main.php(302): view('pages/eys/list', [...])
 6 SYSTEMPATH\CodeIgniter.php(897): App\Controllers\Main->eys()
 7 SYSTEMPATH\CodeIgniter.php(467): CodeIgniter\CodeIgniter->runController(Object(App\Controllers\Main))
 8 SYSTEMPATH\CodeIgniter.php(350): CodeIgniter\CodeIgniter->handleRequest(null, Object(Config\Cache), false)
 9 FCPATH\index.php(55): CodeIgniter\CodeIgniter->run()
CRITICAL - 2023-08-19 00:24:40 --> Undefined variable: transactions
in APPPATH\Views\pages\eys\list.php on line 34.
 1 APPPATH\Views\pages\eys\list.php(34): CodeIgniter\Debug\Exceptions->errorHandler(8, 'Undefined variable: transactions', 'APPPATH\\Views\\pages\\eys\\list.php', 34, [...])
 2 SYSTEMPATH\View\View.php(213): include('APPPATH\\Views\\pages\\eys\\list.php')
 3 SYSTEMPATH\View\View.php(216): CodeIgniter\View\View->CodeIgniter\View\{closure}()
 4 SYSTEMPATH\Common.php(1135): CodeIgniter\View\View->render('pages/eys/list', [], true)
 5 APPPATH\Controllers\Main.php(302): view('pages/eys/list', [...])
 6 SYSTEMPATH\CodeIgniter.php(897): App\Controllers\Main->eys()
 7 SYSTEMPATH\CodeIgniter.php(467): CodeIgniter\CodeIgniter->runController(Object(App\Controllers\Main))
 8 SYSTEMPATH\CodeIgniter.php(350): CodeIgniter\CodeIgniter->handleRequest(null, Object(Config\Cache), false)
 9 FCPATH\index.php(55): CodeIgniter\CodeIgniter->run()
CRITICAL - 2023-08-19 00:27:05 --> Unknown table 'pos.transactions'
in APPPATH\Views\pages\eys\list.php on line 9.
 1 APPPATH\Views\pages\eys\list.php(9): mysqli_query(Object(mysqli), 'SELECT transactions.*, COALESCE((SELECT SUM(transaction_items.quantity) FROM transaction_items where transaction_id = transactions.id ), 0) as total_items')
 2 SYSTEMPATH\View\View.php(213): include('APPPATH\\Views\\pages\\eys\\list.php')
 3 SYSTEMPATH\View\View.php(216): CodeIgniter\View\View->CodeIgniter\View\{closure}()
 4 SYSTEMPATH\Common.php(1135): CodeIgniter\View\View->render('pages/eys/list', [], true)
 5 APPPATH\Controllers\Main.php(302): view('pages/eys/list', [...])
 6 SYSTEMPATH\CodeIgniter.php(897): App\Controllers\Main->eys()
 7 SYSTEMPATH\CodeIgniter.php(467): CodeIgniter\CodeIgniter->runController(Object(App\Controllers\Main))
 8 SYSTEMPATH\CodeIgniter.php(350): CodeIgniter\CodeIgniter->handleRequest(null, Object(Config\Cache), false)
 9 FCPATH\index.php(55): CodeIgniter\CodeIgniter->run()
