CRITICAL - 2023-08-20 02:24:53 --> Table 'pos.productos' doesn't exist
in APPPATH\Views\pages\eys\list.php on line 9.
 1 APPPATH\Views\pages\eys\list.php(9): mysqli_query(Object(mysqli), 'SELECT m.*,p.name FROM movimientos m INNER JOIN productos p ON m.producto = p.id;')
 2 SYSTEMPATH\View\View.php(213): include('APPPATH\\Views\\pages\\eys\\list.php')
 3 SYSTEMPATH\View\View.php(216): CodeIgniter\View\View->CodeIgniter\View\{closure}()
 4 SYSTEMPATH\Common.php(1135): CodeIgniter\View\View->render('pages/eys/list', [], true)
 5 APPPATH\Controllers\Main.php(302): view('pages/eys/list', [...])
 6 SYSTEMPATH\CodeIgniter.php(897): App\Controllers\Main->eys()
 7 SYSTEMPATH\CodeIgniter.php(467): CodeIgniter\CodeIgniter->runController(Object(App\Controllers\Main))
 8 SYSTEMPATH\CodeIgniter.php(350): CodeIgniter\CodeIgniter->handleRequest(null, Object(Config\Cache), false)
 9 FCPATH\index.php(55): CodeIgniter\CodeIgniter->run()
CRITICAL - 2023-08-20 02:25:48 --> Undefined index: date
in APPPATH\Views\pages\eys\list.php on line 54.
 1 APPPATH\Views\pages\eys\list.php(54): CodeIgniter\Debug\Exceptions->errorHandler(8, 'Undefined index: date', 'APPPATH\\Views\\pages\\eys\\list.php', 54, [...])
 2 SYSTEMPATH\View\View.php(213): include('APPPATH\\Views\\pages\\eys\\list.php')
 3 SYSTEMPATH\View\View.php(216): CodeIgniter\View\View->CodeIgniter\View\{closure}()
 4 SYSTEMPATH\Common.php(1135): CodeIgniter\View\View->render('pages/eys/list', [], true)
 5 APPPATH\Controllers\Main.php(302): view('pages/eys/list', [...])
 6 SYSTEMPATH\CodeIgniter.php(897): App\Controllers\Main->eys()
 7 SYSTEMPATH\CodeIgniter.php(467): CodeIgniter\CodeIgniter->runController(Object(App\Controllers\Main))
 8 SYSTEMPATH\CodeIgniter.php(350): CodeIgniter\CodeIgniter->handleRequest(null, Object(Config\Cache), false)
 9 FCPATH\index.php(55): CodeIgniter\CodeIgniter->run()
CRITICAL - 2023-08-20 02:30:06 --> Undefined variable: products
in APPPATH\Views\pages\eys\add.php on line 31.
 1 APPPATH\Views\pages\eys\add.php(31): CodeIgniter\Debug\Exceptions->errorHandler(8, 'Undefined variable: products', 'APPPATH\\Views\\pages\\eys\\add.php', 31, [])
 2 SYSTEMPATH\View\View.php(213): include('APPPATH\\Views\\pages\\eys\\add.php')
 3 SYSTEMPATH\View\View.php(216): CodeIgniter\View\View->CodeIgniter\View\{closure}()
 4 SYSTEMPATH\Common.php(1135): CodeIgniter\View\View->render('pages/eys/add', [], true)
 5 APPPATH\Controllers\Main.php(163): view('pages/eys/add')
 6 SYSTEMPATH\CodeIgniter.php(897): App\Controllers\Main->eys_add()
 7 SYSTEMPATH\CodeIgniter.php(467): CodeIgniter\CodeIgniter->runController(Object(App\Controllers\Main))
 8 SYSTEMPATH\CodeIgniter.php(350): CodeIgniter\CodeIgniter->handleRequest(null, Object(Config\Cache), false)
 9 FCPATH\index.php(55): CodeIgniter\CodeIgniter->run()
CRITICAL - 2023-08-20 02:30:47 --> Undefined variable: session
in APPPATH\Views\layouts\main.php on line 78.
 1 APPPATH\Views\layouts\main.php(78): CodeIgniter\Debug\Exceptions->errorHandler(8, 'Undefined variable: session', 'APPPATH\\Views\\layouts\\main.php', 78, [])
 2 SYSTEMPATH\View\View.php(213): include('APPPATH\\Views\\layouts\\main.php')
 3 SYSTEMPATH\View\View.php(216): CodeIgniter\View\View->CodeIgniter\View\{closure}()
 4 SYSTEMPATH\View\View.php(229): CodeIgniter\View\View->render('layouts/main', [], true)
 5 SYSTEMPATH\Common.php(1135): CodeIgniter\View\View->render('pages/eys/add', [], true)
 6 APPPATH\Controllers\Main.php(163): view('pages/eys/add')
 7 SYSTEMPATH\CodeIgniter.php(897): App\Controllers\Main->eys_add()
 8 SYSTEMPATH\CodeIgniter.php(467): CodeIgniter\CodeIgniter->runController(Object(App\Controllers\Main))
 9 SYSTEMPATH\CodeIgniter.php(350): CodeIgniter\CodeIgniter->handleRequest(null, Object(Config\Cache), false)
10 FCPATH\index.php(55): CodeIgniter\CodeIgniter->run()
CRITICAL - 2023-08-20 02:31:11 --> Undefined variable: session
in APPPATH\Views\layouts\main.php on line 78.
 1 APPPATH\Views\layouts\main.php(78): CodeIgniter\Debug\Exceptions->errorHandler(8, 'Undefined variable: session', 'APPPATH\\Views\\layouts\\main.php', 78, [])
 2 SYSTEMPATH\View\View.php(213): include('APPPATH\\Views\\layouts\\main.php')
 3 SYSTEMPATH\View\View.php(216): CodeIgniter\View\View->CodeIgniter\View\{closure}()
 4 SYSTEMPATH\View\View.php(229): CodeIgniter\View\View->render('layouts/main', [], true)
 5 SYSTEMPATH\Common.php(1135): CodeIgniter\View\View->render('pages/eys/add', [], true)
 6 APPPATH\Controllers\Main.php(163): view('pages/eys/add')
 7 SYSTEMPATH\CodeIgniter.php(897): App\Controllers\Main->eys_add()
 8 SYSTEMPATH\CodeIgniter.php(467): CodeIgniter\CodeIgniter->runController(Object(App\Controllers\Main))
 9 SYSTEMPATH\CodeIgniter.php(350): CodeIgniter\CodeIgniter->handleRequest(null, Object(Config\Cache), false)
10 FCPATH\index.php(55): CodeIgniter\CodeIgniter->run()
CRITICAL - 2023-08-20 02:31:40 --> Undefined variable: session
in APPPATH\Views\pages\eys\add.php on line 18.
 1 APPPATH\Views\pages\eys\add.php(18): CodeIgniter\Debug\Exceptions->errorHandler(8, 'Undefined variable: session', 'APPPATH\\Views\\pages\\eys\\add.php', 18, [])
 2 SYSTEMPATH\View\View.php(213): include('APPPATH\\Views\\pages\\eys\\add.php')
 3 SYSTEMPATH\View\View.php(216): CodeIgniter\View\View->CodeIgniter\View\{closure}()
 4 SYSTEMPATH\Common.php(1135): CodeIgniter\View\View->render('pages/eys/add', [], true)
 5 APPPATH\Controllers\Main.php(163): view('pages/eys/add')
 6 SYSTEMPATH\CodeIgniter.php(897): App\Controllers\Main->eys_add()
 7 SYSTEMPATH\CodeIgniter.php(467): CodeIgniter\CodeIgniter->runController(Object(App\Controllers\Main))
 8 SYSTEMPATH\CodeIgniter.php(350): CodeIgniter\CodeIgniter->handleRequest(null, Object(Config\Cache), false)
 9 FCPATH\index.php(55): CodeIgniter\CodeIgniter->run()
CRITICAL - 2023-08-20 02:31:57 --> Undefined variable: session
in APPPATH\Views\pages\eys\add.php on line 18.
 1 APPPATH\Views\pages\eys\add.php(18): CodeIgniter\Debug\Exceptions->errorHandler(8, 'Undefined variable: session', 'APPPATH\\Views\\pages\\eys\\add.php', 18, [])
 2 SYSTEMPATH\View\View.php(213): include('APPPATH\\Views\\pages\\eys\\add.php')
 3 SYSTEMPATH\View\View.php(216): CodeIgniter\View\View->CodeIgniter\View\{closure}()
 4 SYSTEMPATH\Common.php(1135): CodeIgniter\View\View->render('pages/eys/add', [], true)
 5 APPPATH\Controllers\Main.php(163): view('pages/eys/add')
 6 SYSTEMPATH\CodeIgniter.php(897): App\Controllers\Main->eys_add()
 7 SYSTEMPATH\CodeIgniter.php(467): CodeIgniter\CodeIgniter->runController(Object(App\Controllers\Main))
 8 SYSTEMPATH\CodeIgniter.php(350): CodeIgniter\CodeIgniter->handleRequest(null, Object(Config\Cache), false)
 9 FCPATH\index.php(55): CodeIgniter\CodeIgniter->run()
